<?xml version="1.0" encoding="UTF-8"?>
<testsuite xmlns:xsi="http://www.w3.org/2001/XMLSchema-instance" xsi:noNamespaceSchemaLocation="https://maven.apache.org/surefire/maven-surefire-plugin/xsd/surefire-test-report.xsd" version="3.0.2" name="TestSuite" time="0.819" tests="6" errors="0" skipped="1" failures="0">
  <properties>
    <property name="java.specification.version" value="17"/>
    <property name="sun.cpu.isalist" value="amd64"/>
    <property name="sun.jnu.encoding" value="Cp1252"/>
    <property name="java.class.path" value="C:\Users\KANNA\Documents\goldversions\test\selenium\TestNG\target\test-classes;C:\Users\KANNA\Documents\goldversions\test\selenium\TestNG\target\classes;C:\Users\KANNA\.m2\repository\org\testng\testng\6.9.8\testng-6.9.8.jar;C:\Users\KANNA\.m2\repository\org\beanshell\bsh\2.0b4\bsh-2.0b4.jar;C:\Users\KANNA\.m2\repository\com\beust\jcommander\1.48\jcommander-1.48.jar;"/>
    <property name="java.vm.vendor" value="Oracle Corporation"/>
    <property name="sun.arch.data.model" value="64"/>
    <property name="user.variant" value=""/>
    <property name="java.vendor.url" value="https://java.oracle.com/"/>
    <property name="user.timezone" value="Asia/Calcutta"/>
    <property name="os.name" value="Windows 11"/>
    <property name="java.vm.specification.version" value="17"/>
    <property name="sun.java.launcher" value="SUN_STANDARD"/>
    <property name="user.country" value="IN"/>
    <property name="sun.boot.library.path" value="C:\tools\Java\jdk-17\bin"/>
    <property name="sun.java.command" value="C:\Users\KANNA\AppData\Local\Temp\surefire9066330599413208278\surefirebooter-20250520140932915_3.jar C:\Users\KANNA\AppData\Local\Temp\surefire9066330599413208278 2025-05-20T14-09-32_728-jvmRun1 surefire-20250520140932915_1tmp surefire_0-20250520140932915_2tmp"/>
    <property name="jdk.debug" value="release"/>
    <property name="surefire.test.class.path" value="C:\Users\KANNA\Documents\goldversions\test\selenium\TestNG\target\test-classes;C:\Users\KANNA\Documents\goldversions\test\selenium\TestNG\target\classes;C:\Users\KANNA\.m2\repository\org\testng\testng\6.9.8\testng-6.9.8.jar;C:\Users\KANNA\.m2\repository\org\beanshell\bsh\2.0b4\bsh-2.0b4.jar;C:\Users\KANNA\.m2\repository\com\beust\jcommander\1.48\jcommander-1.48.jar;"/>
    <property name="sun.cpu.endian" value="little"/>
    <property name="user.home" value="C:\Users\KANNA"/>
    <property name="user.language" value="en"/>
    <property name="java.specification.vendor" value="Oracle Corporation"/>
    <property name="java.version.date" value="2024-01-16"/>
    <property name="java.home" value="C:\tools\Java\jdk-17"/>
    <property name="file.separator" value="\"/>
    <property name="basedir" value="C:\Users\KANNA\Documents\goldversions\test\selenium\TestNG"/>
    <property name="java.vm.compressedOopsMode" value="32-bit"/>
    <property name="line.separator" value="&#10;"/>
    <property name="java.vm.specification.vendor" value="Oracle Corporation"/>
    <property name="java.specification.name" value="Java Platform API Specification"/>
    <property name="surefire.real.class.path" value="C:\Users\KANNA\AppData\Local\Temp\surefire9066330599413208278\surefirebooter-20250520140932915_3.jar"/>
    <property name="user.script" value=""/>
    <property name="sun.management.compiler" value="HotSpot 64-Bit Tiered Compilers"/>
    <property name="java.runtime.version" value="17.0.10+11-LTS-240"/>
    <property name="user.name" value="KANNA"/>
    <property name="path.separator" value=";"/>
    <property name="os.version" value="10.0"/>
    <property name="java.runtime.name" value="Java(TM) SE Runtime Environment"/>
    <property name="file.encoding" value="Cp1252"/>
    <property name="java.vm.name" value="Java HotSpot(TM) 64-Bit Server VM"/>
    <property name="localRepository" value="C:\Users\KANNA\.m2\repository"/>
    <property name="java.vendor.url.bug" value="https://bugreport.java.com/bugreport/"/>
    <property name="java.io.tmpdir" value="C:\Users\KANNA\AppData\Local\Temp\"/>
    <property name="java.version" value="17.0.10"/>
    <property name="user.dir" value="C:\Users\KANNA\Documents\goldversions\test\selenium\TestNG"/>
    <property name="os.arch" value="amd64"/>
    <property name="java.vm.specification.name" value="Java Virtual Machine Specification"/>
    <property name="sun.os.patch.level" value=""/>
    <property name="native.encoding" value="Cp1252"/>
    <property name="java.library.path" value="C:\tools\Java\jdk-17\bin;C:\WINDOWS\Sun\Java\bin;C:\WINDOWS\system32;C:\WINDOWS;C:\Program Files\Common Files\Oracle\Java\javapath;C:\WINDOWS\system32;C:\WINDOWS;C:\WINDOWS\System32\Wbem;C:\WINDOWS\System32\WindowsPowerShell\v1.0\;C:\WINDOWS\System32\OpenSSH\;C:\Program Files\HP\HP One Agent;C:\WINDOWS\system32;C:\WINDOWS;C:\WINDOWS\System32\Wbem;C:\WINDOWS\System32\WindowsPowerShell\v1.0\;C:\WINDOWS\System32\OpenSSH\;C:\Program Files\Docker\Docker\resources\bin;C:\Program Files\Git\cmd;C:\Users\KANNA\Documents\goldversions\maven\mvn\bin;C:\tools\Java\jdk-17\bin;C:\Program Files\Git\bin;C:\Users\KANNA\AppData\Local\Programs\Python\Python313\Scripts\;C:\Users\KANNA\AppData\Local\Programs\Python\Python313\;C:\Users\KANNA\AppData\Local\Programs\Python\Launcher\;C:\Users\KANNA\AppData\Local\Microsoft\WindowsApps;C:\Users\KANNA\AppData\Local\Programs\Microsoft VS Code\bin;C:\Users\KANNA\AppData\Local\GitHubDesktop\bin;."/>
    <property name="java.vm.info" value="mixed mode, sharing"/>
    <property name="java.vendor" value="Oracle Corporation"/>
    <property name="java.vm.version" value="17.0.10+11-LTS-240"/>
    <property name="sun.io.unicode.encoding" value="UnicodeLittle"/>
    <property name="java.class.version" value="61.0"/>
  </properties>
  <testcase name="testcase1" classname="TestFile1" time="0.0">
    <skipped message="&#10;Data Provider public java.lang.Object[] TestFile1.testData() must return either Object[][] or Iterator&lt;Object&gt;[], not class [Ljava.lang.Object;"/>
  </testcase>
  <testcase name="testcase2" classname="TestFile1" time="0.01">
    <system-out><![CDATA[testcase2is started
test case 2
]]></system-out>
  </testcase>
  <testcase name="testcase3" classname="TestFile1" time="0.002">
    <system-out><![CDATA[testcase2is ended
testcase3is started
test case 3
]]></system-out>
  </testcase>
  <testcase name="testcase4" classname="TestFile1" time="0.001">
    <system-out><![CDATA[testcase3is ended
testcase4is started
test case 4
]]></system-out>
  </testcase>
  <testcase name="testcase5" classname="TestFile1" time="0.0">
    <system-out><![CDATA[testcase4is ended
testcase5is started
test case 5
]]></system-out>
  </testcase>
  <testcase name="testcase6" classname="TestFile1" time="0.0">
    <system-out><![CDATA[testcase5is ended
testcase6is started
test case 6
]]></system-out>
  </testcase>
</testsuite>