<?xml version="1.0" encoding="UTF-8"?>
<!-- Generated by org.testng.reporters.JUnitReportReporter -->
<testsuite hostname="MAC-book" failures="0" tests="10" name="TestFile1" time="0.026" errors="0" timestamp="2025-05-20T13:40:07 IST" skipped="0">
  <testcase classname="TestFile1" name="testcase1" time="0.002"/>
  <system-out/>
  <testcase classname="TestFile1" name="testcase1" time="0.004"/>
  <system-out/>
  <testcase classname="TestFile1" name="testcase4" time="0.005"/>
  <system-out/>
  <testcase classname="TestFile1" name="testcase2" time="0.007"/>
  <system-out/>
  <testcase classname="TestFile1" name="testcase3" time="0.002"/>
  <system-out/>
  <testcase classname="TestFile1" name="testcase1" time="0.002"/>
  <system-out/>
  <testcase classname="TestFile1" name="testcase1" time="0.001"/>
  <system-out/>
  <testcase classname="TestFile1" name="testcase5" time="0.001"/>
  <system-out/>
  <testcase classname="TestFile1" name="testcase6" time="0.001"/>
  <system-out/>
  <testcase classname="TestFile1" name="testcase1" time="0.001"/>
  <system-out/>
</testsuite> <!-- TestFile1 -->
